<?xml version="1.0" encoding="UTF-8"?>
<!-- Generated by org.testng.reporters.JUnitReportReporter -->
<testsuite hostname="DESKTOP-98NTIPA" failures="0" tests="1" name="test.login" time="50.399" errors="0" timestamp="2022-02-20T23:42:52 PKT" skipped="0">
  <testcase classname="test.login" name="main" time="50.399"/>
  <system-out/>
</testsuite> <!-- test.login -->
