<?xml version="1.0" encoding="UTF-8"?>
<!-- Generated by org.testng.reporters.JUnitReportReporter -->
<testsuite hostname="DESKTOP-98NTIPA" failures="0" tests="1" name="Day1.youtube_test" time="13.141" errors="0" timestamp="2021-08-31T04:11:11 PKT" skipped="0">
  <testcase classname="Day1.youtube_test" name="youtube" time="13.141"/>
  <system-out/>
</testsuite> <!-- Day1.youtube_test -->
