<?xml version="1.0" encoding="UTF-8"?>
<!-- Generated by org.testng.reporters.JUnitReportReporter -->
<testsuite hostname="DESKTOP-98NTIPA" failures="0" tests="1" name="Day1.guru99_test" time="2.965" errors="0" timestamp="2021-08-27T03:38:23 PKT" skipped="0">
  <testcase classname="Day1.guru99_test" name="test_Home_Page_Appear_Correct" time="2.965"/>
  <system-out/>
</testsuite> <!-- Day1.guru99_test -->
